<?xml version="1.0" encoding="UTF-8"?>
<coverage generated="1756376112469" clover="3.2.0">
  <project timestamp="1756376112469" name="All files">
    <metrics statements="21" coveredstatements="10" conditionals="20" coveredconditionals="3" methods="6" coveredmethods="3" elements="47" coveredelements="16" complexity="0" loc="21" ncloc="21" packages="2" files="3" classes="3"/>
    <package name="app">
      <metrics statements="17" coveredstatements="10" conditionals="4" coveredconditionals="3" methods="5" coveredmethods="3"/>
      <file name="layout.tsx" path="D:\Dogan-Ai\Deployment\domains\sites\doganconsult\app\layout.tsx">
        <metrics statements="6" coveredstatements="0" conditionals="0" coveredconditionals="0" methods="1" coveredmethods="0"/>
        <line num="2" count="0" type="stmt"/>
        <line num="3" count="0" type="stmt"/>
        <line num="5" count="0" type="stmt"/>
        <line num="7" count="0" type="stmt"/>
        <line num="12" count="0" type="stmt"/>
        <line num="26" count="0" type="stmt"/>
      </file>
      <file name="page.tsx" path="D:\Dogan-Ai\Deployment\domains\sites\doganconsult\app\page.tsx">
        <metrics statements="11" coveredstatements="10" conditionals="4" coveredconditionals="3" methods="4" coveredmethods="3"/>
        <line num="3" count="1" type="stmt"/>
        <line num="4" count="1" type="stmt"/>
        <line num="16" count="1" type="stmt"/>
        <line num="18" count="9" type="stmt"/>
        <line num="19" count="9" type="stmt"/>
        <line num="26" count="9" type="stmt"/>
        <line num="28" count="9" type="stmt"/>
        <line num="63" count="9" type="stmt"/>
        <line num="125" count="36" type="stmt"/>
        <line num="131" count="0" type="stmt"/>
        <line num="159" count="18" type="stmt"/>
      </file>
    </package>
    <package name="app.api.health">
      <metrics statements="4" coveredstatements="0" conditionals="16" coveredconditionals="0" methods="1" coveredmethods="0"/>
      <file name="route.ts" path="D:\Dogan-Ai\Deployment\domains\sites\doganconsult\app\api\health\route.ts">
        <metrics statements="4" coveredstatements="0" conditionals="16" coveredconditionals="0" methods="1" coveredmethods="0"/>
        <line num="1" count="0" type="stmt"/>
        <line num="3" count="0" type="stmt"/>
        <line num="4" count="0" type="stmt"/>
        <line num="43" count="0" type="stmt"/>
      </file>
    </package>
  </project>
</coverage>
