{"D:\\Dogan-Ai\\Deployment\\domains\\sites\\doganconsult\\app\\layout.tsx": {"path":"D:\\Dogan-Ai\\Deployment\\domains\\sites\\doganconsult\\app\\layout.tsx","statementMap":{"0":{"start":{"line":26,"column":24},"end":{"line":26,"column":35}},"1":{"start":{"line":12,"column":13},"end":{"line":12,"column":21}},"2":{"start":{"line":7,"column":13},"end":{"line":7,"column":21}},"3":{"start":{"line":2,"column":22},"end":{"line":2,"column":null}},"4":{"start":{"line":3,"column":7},"end":{"line":3,"column":null}},"5":{"start":{"line":5,"column":14},"end":{"line":5,"column":null}},"6":{"start":{"line":7,"column":34},"end":{"line":10,"column":null}},"7":{"start":{"line":12,"column":34},"end":{"line":24,"column":null}}},"fnMap":{"0":{"name":"RootLayout","decl":{"start":{"line":26,"column":24},"end":{"line":26,"column":35}},"loc":{"start":{"line":30,"column":1},"end":{"line":48,"column":1}}}},"branchMap":{},"s":{"0":0,"1":0,"2":0,"3":0,"4":0,"5":0,"6":0,"7":0},"f":{"0":0},"b":{}}
,"D:\\Dogan-Ai\\Deployment\\domains\\sites\\doganconsult\\app\\page.tsx": {"path":"D:\\Dogan-Ai\\Deployment\\domains\\sites\\doganconsult\\app\\page.tsx","statementMap":{"0":{"start":{"line":18,"column":24},"end":{"line":18,"column":null}},"1":{"start":{"line":3,"column":36},"end":{"line":3,"column":null}},"2":{"start":{"line":4,"column":23},"end":{"line":4,"column":null}},"3":{"start":{"line":16,"column":7},"end":{"line":16,"column":null}},"4":{"start":{"line":19,"column":42},"end":{"line":24,"column":null}},"5":{"start":{"line":26,"column":48},"end":{"line":26,"column":null}},"6":{"start":{"line":28,"column":25},"end":{"line":61,"column":null}},"7":{"start":{"line":63,"column":19},"end":{"line":80,"column":null}},"8":{"start":{"line":125,"column":12},"end":{"line":126,"column":null}},"9":{"start":{"line":131,"column":29},"end":{"line":131,"column":null}},"10":{"start":{"line":159,"column":14},"end":{"line":160,"column":null}}},"fnMap":{"0":{"name":"Home","decl":{"start":{"line":18,"column":24},"end":{"line":18,"column":null}},"loc":{"start":{"line":18,"column":24},"end":{"line":237,"column":null}}},"1":{"name":"(anonymous_2)","decl":{"start":{"line":124,"column":30},"end":{"line":124,"column":31}},"loc":{"start":{"line":125,"column":12},"end":{"line":126,"column":null}}},"2":{"name":"(anonymous_3)","decl":{"start":{"line":131,"column":23},"end":{"line":131,"column":29}},"loc":{"start":{"line":131,"column":29},"end":{"line":131,"column":null}}},"3":{"name":"(anonymous_4)","decl":{"start":{"line":158,"column":26},"end":{"line":158,"column":27}},"loc":{"start":{"line":159,"column":14},"end":{"line":160,"column":null}}}},"branchMap":{"0":{"loc":{"start":{"line":136,"column":18},"end":{"line":136,"column":null}},"type":"cond-expr","locations":[{"start":{"line":136,"column":48},"end":{"line":136,"column":76}},{"start":{"line":136,"column":76},"end":{"line":136,"column":null}}]},"1":{"loc":{"start":{"line":161,"column":42},"end":{"line":161,"column":69}},"type":"cond-expr","locations":[{"start":{"line":161,"column":60},"end":{"line":161,"column":66}},{"start":{"line":161,"column":66},"end":{"line":161,"column":69}}]}},"s":{"0":9,"1":1,"2":1,"3":1,"4":9,"5":9,"6":9,"7":9,"8":36,"9":0,"10":18},"f":{"0":9,"1":36,"2":0,"3":18},"b":{"0":[36,0],"1":[9,9]}}
,"D:\\Dogan-Ai\\Deployment\\domains\\sites\\doganconsult\\app\\api\\health\\route.ts": {"path":"D:\\Dogan-Ai\\Deployment\\domains\\sites\\doganconsult\\app\\api\\health\\route.ts","statementMap":{"0":{"start":{"line":3,"column":22},"end":{"line":3,"column":26}},"1":{"start":{"line":1,"column":42},"end":{"line":1,"column":null}},"2":{"start":{"line":4,"column":21},"end":{"line":41,"column":null}},"3":{"start":{"line":43,"column":2},"end":{"line":50,"column":null}}},"fnMap":{"0":{"name":"GET","decl":{"start":{"line":3,"column":22},"end":{"line":3,"column":26}},"loc":{"start":{"line":3,"column":46},"end":{"line":51,"column":null}}}},"branchMap":{"0":{"loc":{"start":{"line":11,"column":12},"end":{"line":11,"column":null}},"type":"binary-expr","locations":[{"start":{"line":11,"column":12},"end":{"line":11,"column":35}},{"start":{"line":11,"column":39},"end":{"line":11,"column":null}}]},"1":{"loc":{"start":{"line":12,"column":29},"end":{"line":12,"column":null}},"type":"binary-expr","locations":[{"start":{"line":12,"column":29},"end":{"line":12,"column":54}},{"start":{"line":12,"column":58},"end":{"line":12,"column":null}}]},"2":{"loc":{"start":{"line":25,"column":15},"end":{"line":25,"column":null}},"type":"binary-expr","locations":[{"start":{"line":25,"column":15},"end":{"line":25,"column":35}},{"start":{"line":25,"column":39},"end":{"line":25,"column":null}}]},"3":{"loc":{"start":{"line":26,"column":12},"end":{"line":26,"column":null}},"type":"binary-expr","locations":[{"start":{"line":26,"column":12},"end":{"line":26,"column":28}},{"start":{"line":26,"column":32},"end":{"line":26,"column":null}}]},"4":{"loc":{"start":{"line":27,"column":18},"end":{"line":27,"column":null}},"type":"binary-expr","locations":[{"start":{"line":27,"column":18},"end":{"line":27,"column":41}},{"start":{"line":27,"column":45},"end":{"line":27,"column":null}}]},"5":{"loc":{"start":{"line":46,"column":25},"end":{"line":46,"column":null}},"type":"binary-expr","locations":[{"start":{"line":46,"column":25},"end":{"line":46,"column":50}},{"start":{"line":46,"column":54},"end":{"line":46,"column":null}}]},"6":{"loc":{"start":{"line":47,"column":25},"end":{"line":47,"column":null}},"type":"binary-expr","locations":[{"start":{"line":47,"column":25},"end":{"line":47,"column":50}},{"start":{"line":47,"column":54},"end":{"line":47,"column":null}}]},"7":{"loc":{"start":{"line":48,"column":18},"end":{"line":48,"column":null}},"type":"binary-expr","locations":[{"start":{"line":48,"column":18},"end":{"line":48,"column":36}},{"start":{"line":48,"column":40},"end":{"line":48,"column":null}}]}},"s":{"0":0,"1":0,"2":0,"3":0},"f":{"0":0},"b":{"0":[0,0],"1":[0,0],"2":[0,0],"3":[0,0],"4":[0,0],"5":[0,0],"6":[0,0],"7":[0,0]}}
}
