TN:
SF:app\layout.tsx
FN:26,RootLayout
FNF:1
FNH:0
FNDA:0,RootLayout
DA:2,0
DA:3,0
DA:5,0
DA:7,0
DA:12,0
DA:26,0
LF:6
LH:0
BRF:0
BRH:0
end_of_record
TN:
SF:app\page.tsx
FN:18,Home
FN:124,(anonymous_2)
FN:131,(anonymous_3)
FN:158,(anonymous_4)
FNF:4
FNH:3
FNDA:9,Home
FNDA:36,(anonymous_2)
FNDA:0,(anonymous_3)
FNDA:18,(anonymous_4)
DA:3,1
DA:4,1
DA:16,1
DA:18,9
DA:19,9
DA:26,9
DA:28,9
DA:63,9
DA:125,36
DA:131,0
DA:159,18
LF:11
LH:10
BRDA:136,0,0,36
BRDA:136,0,1,0
BRDA:161,1,0,9
BRDA:161,1,1,9
BRF:4
BRH:3
end_of_record
TN:
SF:app\api\health\route.ts
FN:3,GET
FNF:1
FNH:0
FNDA:0,GET
DA:1,0
DA:3,0
DA:4,0
DA:43,0
LF:4
LH:0
BRDA:11,0,0,0
BRDA:11,0,1,0
BRDA:12,1,0,0
BRDA:12,1,1,0
BRDA:25,2,0,0
BRDA:25,2,1,0
BRDA:26,3,0,0
BRDA:26,3,1,0
BRDA:27,4,0,0
BRDA:27,4,1,0
BRDA:46,5,0,0
BRDA:46,5,1,0
BRDA:47,6,0,0
BRDA:47,6,1,0
BRDA:48,7,0,0
BRDA:48,7,1,0
BRF:16
BRH:0
end_of_record
